Release 14.7 - xst P.20131013 (nt64)
Copyright (c) 1995-2013 Xilinx, Inc.  All rights reserved.
--> Parameter TMPDIR set to xst/projnav.tmp


Total REAL time to Xst completion: 0.00 secs
Total CPU time to Xst completion: 0.22 secs
 
--> Parameter xsthdpdir set to xst


Total REAL time to Xst completion: 0.00 secs
Total CPU time to Xst completion: 0.22 secs
 
--> Reading design: Proyecto1_micro.prj

TABLE OF CONTENTS
  1) Synthesis Options Summary
  2) HDL Parsing
  3) HDL Elaboration
  4) HDL Synthesis
       4.1) HDL Synthesis Report
  5) Advanced HDL Synthesis
       5.1) Advanced HDL Synthesis Report
  6) Low Level Synthesis
  7) Partition Report
  8) Design Summary
       8.1) Primitive and Black Box Usage
       8.2) Device utilization summary
       8.3) Partition Resource Summary
       8.4) Timing Report
            8.4.1) Clock Information
            8.4.2) Asynchronous Control Signals Information
            8.4.3) Timing Summary
            8.4.4) Timing Details
            8.4.5) Cross Clock Domains Report


=========================================================================
*                      Synthesis Options Summary                        *
=========================================================================
---- Source Parameters
Input File Name                    : "Proyecto1_micro.prj"
Ignore Synthesis Constraint File   : NO

---- Target Parameters
Output File Name                   : "Proyecto1_micro"
Output Format                      : NGC
Target Device                      : xc6slx16-3-csg324

---- Source Options
Top Module Name                    : Proyecto1_micro
Automatic FSM Extraction           : YES
FSM Encoding Algorithm             : Auto
Safe Implementation                : No
FSM Style                          : LUT
RAM Extraction                     : Yes
RAM Style                          : Auto
ROM Extraction                     : Yes
Shift Register Extraction          : YES
ROM Style                          : Auto
Resource Sharing                   : YES
Asynchronous To Synchronous        : NO
Shift Register Minimum Size        : 2
Use DSP Block                      : Auto
Automatic Register Balancing       : No

---- Target Options
LUT Combining                      : Auto
Reduce Control Sets                : Auto
Add IO Buffers                     : YES
Global Maximum Fanout              : 100000
Add Generic Clock Buffer(BUFG)     : 16
Register Duplication               : YES
Optimize Instantiated Primitives   : NO
Use Clock Enable                   : Auto
Use Synchronous Set                : Auto
Use Synchronous Reset              : Auto
Pack IO Registers into IOBs        : Auto
Equivalent register Removal        : YES

---- General Options
Optimization Goal                  : Speed
Optimization Effort                : 1
Power Reduction                    : NO
Keep Hierarchy                     : No
Netlist Hierarchy                  : As_Optimized
RTL Output                         : Yes
Global Optimization                : AllClockNets
Read Cores                         : YES
Write Timing Constraints           : NO
Cross Clock Analysis               : NO
Hierarchy Separator                : /
Bus Delimiter                      : <>
Case Specifier                     : Maintain
Slice Utilization Ratio            : 100
BRAM Utilization Ratio             : 100
DSP48 Utilization Ratio            : 100
Auto BRAM Packing                  : NO
Slice Utilization Ratio Delta      : 5

=========================================================================


=========================================================================
*                          HDL Parsing                                  *
=========================================================================
Parsing VHDL file "C:\Users\Diego\Desktop\Programas\Proyecto1_microcomputadoras-main\Proyecto1_micro.vhd" into library work
Parsing entity <Proyecto1_micro>.
Parsing architecture <Behavioral> of entity <proyecto1_micro>.

=========================================================================
*                            HDL Elaboration                            *
=========================================================================

Elaborating entity <Proyecto1_micro> (architecture <Behavioral>) with generics from library <work>.

=========================================================================
*                           HDL Synthesis                               *
=========================================================================

Synthesizing Unit <Proyecto1_micro>.
    Related source file is "C:\Users\Diego\Desktop\Programas\Proyecto1_microcomputadoras-main\Proyecto1_micro.vhd".
        n = 4
    Found 1-bit register for signal <ReadyA>.
    Found 1-bit register for signal <ReadyB>.
    Found 4-bit register for signal <B>.
    Found 4-bit register for signal <A>.
    Found 4-bit adder for signal <A[3]_GND_5_o_add_6_OUT> created at line 94.
    Found 5-bit adder for signal <GND_5_o_GND_5_o_add_7_OUT> created at line 100.
    Found 4-bit adder for signal <B[3]_GND_5_o_add_11_OUT> created at line 118.
    Found 5-bit adder for signal <GND_5_o_GND_5_o_add_12_OUT> created at line 123.
    Found 4-bit adder for signal <n0078> created at line 139.
    Found 4-bit adder for signal <A[3]_GND_5_o_add_15_OUT> created at line 139.
    Found 4-bit subtractor for signal <GND_5_o_GND_5_o_sub_20_OUT<3:0>> created at line 155.
    Found 4-bit 13-to-1 multiplexer for signal <Respuesta> created at line 87.
WARNING:Xst:737 - Found 1-bit latch for signal <Vtemp>. Latches may be generated from incomplete case or if statements. We do not recommend the use of latches in FPGA/CPLD designs, as they may lead to timing problems.
WARNING:Xst:737 - Found 1-bit latch for signal <V>. Latches may be generated from incomplete case or if statements. We do not recommend the use of latches in FPGA/CPLD designs, as they may lead to timing problems.
    Summary:
	inferred   7 Adder/Subtractor(s).
	inferred  10 D-type flip-flop(s).
	inferred   2 Latch(s).
	inferred   5 Multiplexer(s).
Unit <Proyecto1_micro> synthesized.

=========================================================================
HDL Synthesis Report

Macro Statistics
# Adders/Subtractors                                   : 7
 4-bit adder                                           : 4
 4-bit subtractor                                      : 1
 5-bit adder                                           : 2
# Registers                                            : 4
 1-bit register                                        : 2
 4-bit register                                        : 2
# Latches                                              : 2
 1-bit latch                                           : 2
# Multiplexers                                         : 5
 1-bit 2-to-1 multiplexer                              : 2
 4-bit 13-to-1 multiplexer                             : 1
 4-bit 2-to-1 multiplexer                              : 2
# Xors                                                 : 1
 4-bit xor2                                            : 1

=========================================================================

=========================================================================
*                       Advanced HDL Synthesis                          *
=========================================================================


=========================================================================
Advanced HDL Synthesis Report

Macro Statistics
# Adders/Subtractors                                   : 6
 4-bit adder                                           : 2
 4-bit adder carry in                                  : 1
 4-bit subtractor                                      : 1
 5-bit adder                                           : 2
# Registers                                            : 10
 Flip-Flops                                            : 10
# Multiplexers                                         : 5
 1-bit 2-to-1 multiplexer                              : 2
 4-bit 13-to-1 multiplexer                             : 1
 4-bit 2-to-1 multiplexer                              : 2
# Xors                                                 : 1
 4-bit xor2                                            : 1

=========================================================================

=========================================================================
*                         Low Level Synthesis                           *
=========================================================================

Optimizing unit <Proyecto1_micro> ...
WARNING:Xst:1293 - FF/Latch <ReadyA> has a constant value of 0 in block <Proyecto1_micro>. This FF/Latch will be trimmed during the optimization process.
WARNING:Xst:1896 - Due to other FF/Latch trimming, FF/Latch <B_0> has a constant value of 0 in block <Proyecto1_micro>. This FF/Latch will be trimmed during the optimization process.
WARNING:Xst:1896 - Due to other FF/Latch trimming, FF/Latch <B_1> has a constant value of 0 in block <Proyecto1_micro>. This FF/Latch will be trimmed during the optimization process.
WARNING:Xst:1896 - Due to other FF/Latch trimming, FF/Latch <B_2> has a constant value of 0 in block <Proyecto1_micro>. This FF/Latch will be trimmed during the optimization process.
WARNING:Xst:1896 - Due to other FF/Latch trimming, FF/Latch <B_3> has a constant value of 0 in block <Proyecto1_micro>. This FF/Latch will be trimmed during the optimization process.
WARNING:Xst:1896 - Due to other FF/Latch trimming, FF/Latch <A_0> has a constant value of 0 in block <Proyecto1_micro>. This FF/Latch will be trimmed during the optimization process.
WARNING:Xst:1896 - Due to other FF/Latch trimming, FF/Latch <A_1> has a constant value of 0 in block <Proyecto1_micro>. This FF/Latch will be trimmed during the optimization process.
WARNING:Xst:1896 - Due to other FF/Latch trimming, FF/Latch <A_2> has a constant value of 0 in block <Proyecto1_micro>. This FF/Latch will be trimmed during the optimization process.
WARNING:Xst:1896 - Due to other FF/Latch trimming, FF/Latch <A_3> has a constant value of 0 in block <Proyecto1_micro>. This FF/Latch will be trimmed during the optimization process.
WARNING:Xst:1896 - Due to other FF/Latch trimming, FF/Latch <ReadyB> has a constant value of 0 in block <Proyecto1_micro>. This FF/Latch will be trimmed during the optimization process.
WARNING:Xst:1293 - FF/Latch <Vtemp> has a constant value of 0 in block <Proyecto1_micro>. This FF/Latch will be trimmed during the optimization process.
WARNING:Xst:1895 - Due to other FF/Latch trimming, FF/Latch <V> (without init value) has a constant value of 0 in block <Proyecto1_micro>. This FF/Latch will be trimmed during the optimization process.

Mapping all equations...
Building and optimizing final netlist ...
Found area constraint ratio of 100 (+ 5) on block Proyecto1_micro, actual ratio is 0.

Final Macro Processing ...

=========================================================================
Final Register Report

Found no macro
=========================================================================

=========================================================================
*                           Partition Report                            *
=========================================================================

Partition Implementation Status
-------------------------------

  No Partitions were found in this design.

-------------------------------

=========================================================================
*                            Design Summary                             *
=========================================================================

Top Level Output File Name         : Proyecto1_micro.ngc

Primitive and Black Box Usage:
------------------------------
# BELS                             : 6
#      GND                         : 1
#      LUT2                        : 2
#      LUT4                        : 1
#      MUXF7                       : 1
#      VCC                         : 1
# IO Buffers                       : 9
#      IBUF                        : 4
#      OBUF                        : 5

Device utilization summary:
---------------------------

Selected Device : 6slx16csg324-3 


Slice Logic Utilization: 
 Number of Slice LUTs:                    3  out of   9112     0%  
    Number used as Logic:                 3  out of   9112     0%  

Slice Logic Distribution: 
 Number of LUT Flip Flop pairs used:      3
   Number with an unused Flip Flop:       3  out of      3   100%  
   Number with an unused LUT:             0  out of      3     0%  
   Number of fully used LUT-FF pairs:     0  out of      3     0%  
   Number of unique control sets:         0

IO Utilization: 
 Number of IOs:                          19
 Number of bonded IOBs:                   9  out of    232     3%  

Specific Feature Utilization:

---------------------------
Partition Resource Summary:
---------------------------

  No Partitions were found in this design.

---------------------------


=========================================================================
Timing Report

NOTE: THESE TIMING NUMBERS ARE ONLY A SYNTHESIS ESTIMATE.
      FOR ACCURATE TIMING INFORMATION PLEASE REFER TO THE TRACE REPORT
      GENERATED AFTER PLACE-and-ROUTE.

Clock Information:
------------------
No clock signals found in this design

Asynchronous Control Signals Information:
----------------------------------------
No asynchronous control signals found in this design

Timing Summary:
---------------
Speed Grade: -3

   Minimum period: No path found
   Minimum input arrival time before clock: No path found
   Maximum output required time after clock: No path found
   Maximum combinational path delay: 6.394ns

Timing Details:
---------------
All values displayed in nanoseconds (ns)

=========================================================================
Timing constraint: Default path analysis
  Total number of paths / destination ports: 16 / 4
-------------------------------------------------------------------------
Delay:               6.394ns (Levels of Logic = 5)
  Source:            Selector<1> (PAD)
  Destination:       Respuesta<3> (PAD)

  Data Path: Selector<1> to Respuesta<3>
                                Gate     Net
    Cell:in->out      fanout   Delay   Delay  Logical Name (Net Name)
    ----------------------------------------  ------------
     IBUF:I->O             2   1.222   0.721  Selector_1_IBUF (Selector_1_IBUF)
     LUT2:I0->O            1   0.203   0.000  Mmux_Respuesta_621 (Mmux_Respuesta_62)
     MUXF7:I1->O           1   0.140   0.684  Mmux_Respuesta_5_f7_1 (Mmux_Respuesta_5_f72)
     LUT2:I0->O            3   0.203   0.650  Selector<3>31 (Respuesta_1_OBUF)
     OBUF:I->O                 2.571          Respuesta_1_OBUF (Respuesta<1>)
    ----------------------------------------
    Total                      6.394ns (4.339ns logic, 2.055ns route)
                                       (67.9% logic, 32.1% route)

=========================================================================

Cross Clock Domains Report:
--------------------------

=========================================================================


Total REAL time to Xst completion: 11.00 secs
Total CPU time to Xst completion: 11.63 secs
 
--> 

Total memory usage is 4486660 kilobytes

Number of errors   :    0 (   0 filtered)
Number of warnings :   14 (   0 filtered)
Number of infos    :    0 (   0 filtered)

